2021 [scrapy.utils.log] INFO: Scrapy 2.4.1 started (bot: baidu)
2021 [scrapy.utils.log] INFO: Versions: lxml 4.6.2.0, libxml2 2.9.5, cssselect 1.1.0, parsel 1.6.0, w3lib 1.22.0, Twisted 21.2.0, Python 3.9.1 (tags/v3.9.1:1e5d33e, Dec  7 2020, 17:08:21) [MSC v.1927 64 bit (AMD64)], pyOpenSSL 20.0.1 (OpenSSL 1.1.1j  16 Feb 2021), cryptography 3.4.6, Platform Windows-10-10.0.18362-SP0
2021 [scrapy.utils.log] DEBUG: Using reactor: twisted.internet.selectreactor.SelectReactor
2021 [scrapy.crawler] INFO: Overridden settings:
{'BOT_NAME': 'baidu',
 'LOG_DATEFORMAT': '%Y',
 'LOG_ENABLED': False,
 'LOG_FILE': 'bd.log',
 'NEWSPIDER_MODULE': 'baidu.spiders',
 'SPIDER_MODULES': ['baidu.spiders']}
2021 [scrapy.extensions.telnet] INFO: Telnet Password: e3842390fd6b4a10
2021 [scrapy.middleware] INFO: Enabled extensions:
['scrapy.extensions.corestats.CoreStats',
 'scrapy.extensions.telnet.TelnetConsole',
 'scrapy.extensions.logstats.LogStats']
2021 [scrapy.middleware] INFO: Enabled downloader middlewares:
['scrapy.downloadermiddlewares.httpauth.HttpAuthMiddleware',
 'scrapy.downloadermiddlewares.downloadtimeout.DownloadTimeoutMiddleware',
 'scrapy.downloadermiddlewares.defaultheaders.DefaultHeadersMiddleware',
 'scrapy.downloadermiddlewares.useragent.UserAgentMiddleware',
 'scrapy.downloadermiddlewares.retry.RetryMiddleware',
 'scrapy.downloadermiddlewares.redirect.MetaRefreshMiddleware',
 'scrapy.downloadermiddlewares.httpcompression.HttpCompressionMiddleware',
 'scrapy.downloadermiddlewares.redirect.RedirectMiddleware',
 'scrapy.downloadermiddlewares.cookies.CookiesMiddleware',
 'scrapy.downloadermiddlewares.httpproxy.HttpProxyMiddleware',
 'scrapy.downloadermiddlewares.stats.DownloaderStats']
2021 [scrapy.middleware] INFO: Enabled spider middlewares:
['scrapy.spidermiddlewares.httperror.HttpErrorMiddleware',
 'scrapy.spidermiddlewares.offsite.OffsiteMiddleware',
 'scrapy.spidermiddlewares.referer.RefererMiddleware',
 'scrapy.spidermiddlewares.urllength.UrlLengthMiddleware',
 'scrapy.spidermiddlewares.depth.DepthMiddleware']
2021 [scrapy.middleware] INFO: Enabled item pipelines:
[]
2021 [scrapy.core.engine] INFO: Spider opened
2021 [scrapy.extensions.logstats] INFO: Crawled 0 pages (at 0 pages/min), scraped 0 items (at 0 items/min)
2021 [scrapy.extensions.telnet] INFO: Telnet console listening on 127.0.0.1:6023
2021 [scrapy.downloadermiddlewares.redirect] DEBUG: Redirecting (302) to <GET https://www.baidu.com/> from <GET http://www.baidu.com/>
2021 [scrapy.core.engine] DEBUG: Crawled (200) <GET https://www.baidu.com/> (referer: None)
2021 [scrapy.core.engine] INFO: Closing spider (finished)
2021 [scrapy.statscollectors] INFO: Dumping Scrapy stats:
{'downloader/request_bytes': 767,
 'downloader/request_count': 2,
 'downloader/request_method_count/GET': 2,
 'downloader/response_bytes': 76742,
 'downloader/response_count': 2,
 'downloader/response_status_count/200': 1,
 'downloader/response_status_count/302': 1,
 'elapsed_time_seconds': 0.263504,
 'finish_reason': 'finished',
 'finish_time': datetime.datetime(2021, 3, 21, 10, 42, 19, 764502),
 'log_count/DEBUG': 2,
 'log_count/INFO': 10,
 'response_received_count': 1,
 'scheduler/dequeued': 2,
 'scheduler/dequeued/memory': 2,
 'scheduler/enqueued': 2,
 'scheduler/enqueued/memory': 2,
 'start_time': datetime.datetime(2021, 3, 21, 10, 42, 19, 500998)}
2021 [scrapy.core.engine] INFO: Spider closed (finished)
2021 [scrapy.utils.log] INFO: Scrapy 2.4.1 started (bot: baidu)
2021 [scrapy.utils.log] INFO: Versions: lxml 4.6.2.0, libxml2 2.9.5, cssselect 1.1.0, parsel 1.6.0, w3lib 1.22.0, Twisted 21.2.0, Python 3.9.1 (tags/v3.9.1:1e5d33e, Dec  7 2020, 17:08:21) [MSC v.1927 64 bit (AMD64)], pyOpenSSL 20.0.1 (OpenSSL 1.1.1j  16 Feb 2021), cryptography 3.4.6, Platform Windows-10-10.0.18362-SP0
2021 [scrapy.crawler] INFO: Overridden settings:
{'BOT_NAME': 'baidu',
 'LOG_DATEFORMAT': '%Y',
 'LOG_FILE': 'bd.log',
 'LOG_LEVEL': 'INFO',
 'NEWSPIDER_MODULE': 'baidu.spiders',
 'SPIDER_MODULES': ['baidu.spiders']}
2021 [scrapy.extensions.telnet] INFO: Telnet Password: 64eaed602127c679
2021 [scrapy.middleware] INFO: Enabled extensions:
['scrapy.extensions.corestats.CoreStats',
 'scrapy.extensions.telnet.TelnetConsole',
 'scrapy.extensions.logstats.LogStats']
2021 [scrapy.middleware] INFO: Enabled downloader middlewares:
['scrapy.downloadermiddlewares.httpauth.HttpAuthMiddleware',
 'scrapy.downloadermiddlewares.downloadtimeout.DownloadTimeoutMiddleware',
 'scrapy.downloadermiddlewares.defaultheaders.DefaultHeadersMiddleware',
 'scrapy.downloadermiddlewares.useragent.UserAgentMiddleware',
 'scrapy.downloadermiddlewares.retry.RetryMiddleware',
 'scrapy.downloadermiddlewares.redirect.MetaRefreshMiddleware',
 'scrapy.downloadermiddlewares.httpcompression.HttpCompressionMiddleware',
 'scrapy.downloadermiddlewares.redirect.RedirectMiddleware',
 'scrapy.downloadermiddlewares.cookies.CookiesMiddleware',
 'scrapy.downloadermiddlewares.httpproxy.HttpProxyMiddleware',
 'scrapy.downloadermiddlewares.stats.DownloaderStats']
2021 [scrapy.middleware] INFO: Enabled spider middlewares:
['scrapy.spidermiddlewares.httperror.HttpErrorMiddleware',
 'scrapy.spidermiddlewares.offsite.OffsiteMiddleware',
 'scrapy.spidermiddlewares.referer.RefererMiddleware',
 'scrapy.spidermiddlewares.urllength.UrlLengthMiddleware',
 'scrapy.spidermiddlewares.depth.DepthMiddleware']
2021 [scrapy.middleware] INFO: Enabled item pipelines:
[]
2021 [scrapy.core.engine] INFO: Spider opened
2021 [scrapy.extensions.logstats] INFO: Crawled 0 pages (at 0 pages/min), scraped 0 items (at 0 items/min)
2021 [scrapy.extensions.telnet] INFO: Telnet console listening on 127.0.0.1:6023
2021 [scrapy.core.engine] INFO: Closing spider (finished)
2021 [scrapy.statscollectors] INFO: Dumping Scrapy stats:
{'downloader/request_bytes': 767,
 'downloader/request_count': 2,
 'downloader/request_method_count/GET': 2,
 'downloader/response_bytes': 76728,
 'downloader/response_count': 2,
 'downloader/response_status_count/200': 1,
 'downloader/response_status_count/302': 1,
 'elapsed_time_seconds': 0.227875,
 'finish_reason': 'finished',
 'finish_time': datetime.datetime(2021, 3, 21, 10, 44, 2, 87054),
 'log_count/INFO': 10,
 'response_received_count': 1,
 'scheduler/dequeued': 2,
 'scheduler/dequeued/memory': 2,
 'scheduler/enqueued': 2,
 'scheduler/enqueued/memory': 2,
 'start_time': datetime.datetime(2021, 3, 21, 10, 44, 1, 859179)}
2021 [scrapy.core.engine] INFO: Spider closed (finished)
2021 [scrapy.utils.log] INFO: Scrapy 2.4.1 started (bot: baidu)
2021 [scrapy.utils.log] INFO: Versions: lxml 4.6.2.0, libxml2 2.9.5, cssselect 1.1.0, parsel 1.6.0, w3lib 1.22.0, Twisted 21.2.0, Python 3.9.1 (tags/v3.9.1:1e5d33e, Dec  7 2020, 17:08:21) [MSC v.1927 64 bit (AMD64)], pyOpenSSL 20.0.1 (OpenSSL 1.1.1j  16 Feb 2021), cryptography 3.4.6, Platform Windows-10-10.0.18362-SP0
2021 [scrapy.crawler] INFO: Overridden settings:
{'BOT_NAME': 'baidu',
 'LOG_DATEFORMAT': '%Y',
 'LOG_FILE': 'bd.log',
 'LOG_LEVEL': 'INFO',
 'NEWSPIDER_MODULE': 'baidu.spiders',
 'SPIDER_MODULES': ['baidu.spiders']}
2021 [scrapy.extensions.telnet] INFO: Telnet Password: 2cb709d1b483228a
2021 [scrapy.middleware] INFO: Enabled extensions:
['scrapy.extensions.corestats.CoreStats',
 'scrapy.extensions.telnet.TelnetConsole',
 'scrapy.extensions.logstats.LogStats']
2021 [scrapy.middleware] INFO: Enabled downloader middlewares:
['scrapy.downloadermiddlewares.httpauth.HttpAuthMiddleware',
 'scrapy.downloadermiddlewares.downloadtimeout.DownloadTimeoutMiddleware',
 'scrapy.downloadermiddlewares.defaultheaders.DefaultHeadersMiddleware',
 'scrapy.downloadermiddlewares.useragent.UserAgentMiddleware',
 'scrapy.downloadermiddlewares.retry.RetryMiddleware',
 'scrapy.downloadermiddlewares.redirect.MetaRefreshMiddleware',
 'scrapy.downloadermiddlewares.httpcompression.HttpCompressionMiddleware',
 'scrapy.downloadermiddlewares.redirect.RedirectMiddleware',
 'scrapy.downloadermiddlewares.cookies.CookiesMiddleware',
 'scrapy.downloadermiddlewares.httpproxy.HttpProxyMiddleware',
 'scrapy.downloadermiddlewares.stats.DownloaderStats']
2021 [scrapy.middleware] INFO: Enabled spider middlewares:
['scrapy.spidermiddlewares.httperror.HttpErrorMiddleware',
 'scrapy.spidermiddlewares.offsite.OffsiteMiddleware',
 'scrapy.spidermiddlewares.referer.RefererMiddleware',
 'scrapy.spidermiddlewares.urllength.UrlLengthMiddleware',
 'scrapy.spidermiddlewares.depth.DepthMiddleware']
2021 [scrapy.middleware] INFO: Enabled item pipelines:
[]
2021 [scrapy.core.engine] INFO: Spider opened
2021 [scrapy.extensions.logstats] INFO: Crawled 0 pages (at 0 pages/min), scraped 0 items (at 0 items/min)
2021 [scrapy.extensions.telnet] INFO: Telnet console listening on 127.0.0.1:6023
2021 [scrapy.core.engine] INFO: Closing spider (finished)
2021 [scrapy.statscollectors] INFO: Dumping Scrapy stats:
{'downloader/request_bytes': 767,
 'downloader/request_count': 2,
 'downloader/request_method_count/GET': 2,
 'downloader/response_bytes': 76713,
 'downloader/response_count': 2,
 'downloader/response_status_count/200': 1,
 'downloader/response_status_count/302': 1,
 'elapsed_time_seconds': 0.239218,
 'finish_reason': 'finished',
 'finish_time': datetime.datetime(2021, 3, 21, 10, 47, 44, 871665),
 'log_count/INFO': 10,
 'response_received_count': 1,
 'scheduler/dequeued': 2,
 'scheduler/dequeued/memory': 2,
 'scheduler/enqueued': 2,
 'scheduler/enqueued/memory': 2,
 'start_time': datetime.datetime(2021, 3, 21, 10, 47, 44, 632447)}
2021 [scrapy.core.engine] INFO: Spider closed (finished)
2021 [bd] WARNING: 可能会有错误!
2021 [bd] WARNING: 可能会有错误!
